{"numFailedTestSuites":0,"numFailedTests":0,"numPassedTestSuites":1,"numPassedTests":1,"numPendingTestSuites":0,"numPendingTests":0,"numRuntimeErrorTestSuites":0,"numTodoTests":0,"numTotalTestSuites":1,"numTotalTests":1,"openHandles":[],"snapshot":{"added":0,"didUpdate":false,"failure":false,"filesAdded":0,"filesRemoved":0,"filesRemovedList":[],"filesUnmatched":0,"filesUpdated":0,"matched":0,"total":0,"unchecked":0,"uncheckedKeysByFile":[],"unmatched":0,"updated":0},"startTime":1630820512105,"success":true,"testResults":[{"assertionResults":[{"ancestorTitles":["App test"],"failureMessages":[],"fullName":"App test 2 加 2 等于 4","location":null,"status":"passed","title":"2 加 2 等于 4"}],"endTime":1630820515552,"message":"","name":"/Users/wuxiao/wuxiao-desktop/wuxiao.io/experiment/algorithm/book-js-algorithm/src/App.test.tsx","startTime":1630820512196,"status":"passed","summary":""}],"wasInterrupted":false}